<?xml version="1.0" encoding="UTF-8"?>
<!-- Generated by org.testng.reporters.JUnitXMLReporter -->
<testsuite hostname="ATMECSINLT-407" ignored="0" name="Default test" tests="3" failures="0" timestamp="2020-10-08T14:42:32 IST" time="32.956" errors="0">
  <testcase name="login" time="1.051" classname="com.atmecs.pageactions.LoginClass"/>
  <testcase name="contact" time="1.234" classname="com.atmecs.pageactions.ContactClass"/>
  <testcase name="SignUp" time="1.312" classname="com.atmecs.pageactions.SignUpClass"/>
</testsuite> <!-- Default test -->
