<?xml version="1.0" encoding="UTF-8"?>
<!-- Generated by org.testng.reporters.JUnitXMLReporter -->
<testsuite hostname="ATMECSINLT-407" ignored="0" name="Test" tests="3" failures="0" timestamp="2020-10-07T16:58:13 IST" time="0.274" errors="0">
  <testcase name="login" time="0.0" classname="com.atmecs.pageactions.LoginClass">
    <skipped/>
  </testcase> <!-- login -->
  <testcase name="signup" time="0.0" classname="com.atmecs.pageactions.SignUpClass">
    <skipped/>
  </testcase> <!-- signup -->
  <testcase name="contact" time="0.0" classname="com.atmecs.pageactions.ContactClass">
    <skipped/>
  </testcase> <!-- contact -->
</testsuite> <!-- Test -->
