<?xml version="1.0" encoding="UTF-8"?>
<testng-results skipped="0" failed="0" ignored="0" total="3" passed="3">
  <reporter-output>
  </reporter-output>
  <suite name="Default suite" duration-ms="32956" started-at="2020-10-08T14:41:58 IST" finished-at="2020-10-08T14:42:31 IST">
    <groups>
    </groups>
    <test name="Default test" duration-ms="32956" started-at="2020-10-08T14:41:58 IST" finished-at="2020-10-08T14:42:31 IST">
      <class name="com.atmecs.pageactions.LoginClass">
        <test-method status="PASS" signature="declaration()[pri:0, instance:com.atmecs.pageactions.LoginClass@26aa12dd]" name="declaration" is-config="true" duration-ms="10932" started-at="2020-10-08T14:42:01 IST" finished-at="2020-10-08T14:42:12 IST">
          <reporter-output>
          </reporter-output>
        </test-method> <!-- declaration -->
        <test-method status="PASS" signature="login(java.lang.String, java.lang.String)[pri:0, instance:com.atmecs.pageactions.LoginClass@26aa12dd]" name="login" duration-ms="1051" started-at="2020-10-08T14:42:12 IST" data-provider="Login" finished-at="2020-10-08T14:42:13 IST">
          <params>
            <param index="0">
              <value>
                <![CDATA[Mohd Rizwan]]>
              </value>
            </param>
            <param index="1">
              <value>
                <![CDATA[rizwann@123]]>
              </value>
            </param>
          </params>
          <reporter-output>
          </reporter-output>
        </test-method> <!-- login -->
        <test-method status="PASS" signature="closeBrowser()[pri:0, instance:com.atmecs.pageactions.LoginClass@26aa12dd]" name="closeBrowser" is-config="true" duration-ms="593" started-at="2020-10-08T14:42:13 IST" finished-at="2020-10-08T14:42:13 IST">
          <reporter-output>
          </reporter-output>
        </test-method> <!-- closeBrowser -->
      </class> <!-- com.atmecs.pageactions.LoginClass -->
      <class name="com.atmecs.pageactions.ContactClass">
        <test-method status="PASS" signature="declaration()[pri:0, instance:com.atmecs.pageactions.ContactClass@3fd7a715]" name="declaration" is-config="true" duration-ms="6770" started-at="2020-10-08T14:42:14 IST" finished-at="2020-10-08T14:42:20 IST">
          <reporter-output>
          </reporter-output>
        </test-method> <!-- declaration -->
        <test-method status="PASS" signature="contact(java.lang.String, java.lang.String, java.lang.String)[pri:0, instance:com.atmecs.pageactions.ContactClass@3fd7a715]" name="contact" duration-ms="1234" started-at="2020-10-08T14:42:20 IST" data-provider="Contact" finished-at="2020-10-08T14:42:22 IST">
          <params>
            <param index="0">
              <value>
                <![CDATA[rizwan@gmail.com]]>
              </value>
            </param>
            <param index="1">
              <value>
                <![CDATA[Mohd Rizwan]]>
              </value>
            </param>
            <param index="2">
              <value>
                <![CDATA[Issue Resolved]]>
              </value>
            </param>
          </params>
          <reporter-output>
          </reporter-output>
        </test-method> <!-- contact -->
        <test-method status="PASS" signature="closeBrowser()[pri:0, instance:com.atmecs.pageactions.ContactClass@3fd7a715]" name="closeBrowser" is-config="true" duration-ms="2155" started-at="2020-10-08T14:42:22 IST" finished-at="2020-10-08T14:42:24 IST">
          <reporter-output>
          </reporter-output>
        </test-method> <!-- closeBrowser -->
      </class> <!-- com.atmecs.pageactions.ContactClass -->
      <class name="com.atmecs.pageactions.SignUpClass">
        <test-method status="PASS" signature="declaration()[pri:0, instance:com.atmecs.pageactions.SignUpClass@711f39f9]" name="declaration" is-config="true" duration-ms="5473" started-at="2020-10-08T14:42:24 IST" finished-at="2020-10-08T14:42:29 IST">
          <reporter-output>
          </reporter-output>
        </test-method> <!-- declaration -->
        <test-method status="PASS" signature="SignUp(java.lang.String, java.lang.String)[pri:0, instance:com.atmecs.pageactions.SignUpClass@711f39f9]" name="SignUp" duration-ms="1312" started-at="2020-10-08T14:42:29 IST" data-provider="SignIn" finished-at="2020-10-08T14:42:31 IST">
          <params>
            <param index="0">
              <value>
                <![CDATA[Mohd Rizwan]]>
              </value>
            </param>
            <param index="1">
              <value>
                <![CDATA[mdrizwann25@gmail.com]]>
              </value>
            </param>
          </params>
          <reporter-output>
          </reporter-output>
        </test-method> <!-- SignUp -->
        <test-method status="PASS" signature="closeBrowser()[pri:0, instance:com.atmecs.pageactions.SignUpClass@711f39f9]" name="closeBrowser" is-config="true" duration-ms="595" started-at="2020-10-08T14:42:31 IST" finished-at="2020-10-08T14:42:31 IST">
          <reporter-output>
          </reporter-output>
        </test-method> <!-- closeBrowser -->
      </class> <!-- com.atmecs.pageactions.SignUpClass -->
    </test> <!-- Default test -->
  </suite> <!-- Default suite -->
</testng-results>
